ISim log file
Running: C:\Users\Jason\Desktop\SKRIPSI\PROJECT\Revisi1a\testbenchall2_isim_beh.exe -intstyle ise -gui -tclbatch isim.cmd -wdb C:/Users/Jason/Desktop/SKRIPSI/PROJECT/Revisi1a/testbenchall2_isim_beh.wdb 
ISim P.20131013 (signature 0x7708f090)
This is a Full version of ISim.
Time resolution is 1 ps
# onerror resume
# wave add /
# run 1000 ns
Simulator is doing circuit initialization process.
at 0 ps, Instance /testbenchall2/uut/ : Warning: NUMERIC_STD.TO_INTEGER: metavalue detected, returning 0
at 0 ps, Instance /testbenchall2/uut/ : Warning: NUMERIC_STD.TO_INTEGER: metavalue detected, returning 0
at 0 ps, Instance /testbenchall2/uut/Inst_ii_gen_top/ : Warning: NUMERIC_STD.TO_INTEGER: metavalue detected, returning 0
at 0 ps, Instance /testbenchall2/uut/Inst_processing_top/strongthreshrom/U0/ : Warning: This core is supplied with a behavioral model. To model cycle-accurate behavior you must run timing simulation.
at 0 ps, Instance /testbenchall2/uut/Inst_processing_top/weakstagenumrom/U0/ : Warning: This core is supplied with a behavioral model. To model cycle-accurate behavior you must run timing simulation.
at 0 ps, Instance /testbenchall2/uut/Inst_processing_top/weakthreshrom/U0/ : Warning: This core is supplied with a behavioral model. To model cycle-accurate behavior you must run timing simulation.
at 0 ps, Instance /testbenchall2/uut/Inst_processing_top/leftleavesrom/U0/ : Warning: This core is supplied with a behavioral model. To model cycle-accurate behavior you must run timing simulation.
at 0 ps, Instance /testbenchall2/uut/Inst_processing_top/rightleavesrom/U0/ : Warning: This core is supplied with a behavioral model. To model cycle-accurate behavior you must run timing simulation.
at 0 ps, Instance /testbenchall2/uut/Inst_processing_top/R0x_rom/U0/ : Warning: This core is supplied with a behavioral model. To model cycle-accurate behavior you must run timing simulation.
at 0 ps, Instance /testbenchall2/uut/Inst_processing_top/R0y_rom/U0/ : Warning: This core is supplied with a behavioral model. To model cycle-accurate behavior you must run timing simulation.
at 0 ps, Instance /testbenchall2/uut/Inst_processing_top/R0w_rom/U0/ : Warning: This core is supplied with a behavioral model. To model cycle-accurate behavior you must run timing simulation.
at 0 ps, Instance /testbenchall2/uut/Inst_processing_top/R0h_rom/U0/ : Warning: This core is supplied with a behavioral model. To model cycle-accurate behavior you must run timing simulation.
at 0 ps, Instance /testbenchall2/uut/Inst_processing_top/R0weight_rom/U0/ : Warning: This core is supplied with a behavioral model. To model cycle-accurate behavior you must run timing simulation.
at 0 ps, Instance /testbenchall2/uut/Inst_processing_top/R1x_rom/U0/ : Warning: This core is supplied with a behavioral model. To model cycle-accurate behavior you must run timing simulation.
at 0 ps, Instance /testbenchall2/uut/Inst_processing_top/R1y_rom/U0/ : Warning: This core is supplied with a behavioral model. To model cycle-accurate behavior you must run timing simulation.
at 0 ps, Instance /testbenchall2/uut/Inst_processing_top/R1w_rom/U0/ : Warning: This core is supplied with a behavioral model. To model cycle-accurate behavior you must run timing simulation.
at 0 ps, Instance /testbenchall2/uut/Inst_processing_top/R1h_rom/U0/ : Warning: This core is supplied with a behavioral model. To model cycle-accurate behavior you must run timing simulation.
at 0 ps, Instance /testbenchall2/uut/Inst_processing_top/R1weight_rom/U0/ : Warning: This core is supplied with a behavioral model. To model cycle-accurate behavior you must run timing simulation.
at 0 ps, Instance /testbenchall2/uut/Inst_processing_top/R2x_rom/U0/ : Warning: This core is supplied with a behavioral model. To model cycle-accurate behavior you must run timing simulation.
at 0 ps, Instance /testbenchall2/uut/Inst_processing_top/R2y_rom/U0/ : Warning: This core is supplied with a behavioral model. To model cycle-accurate behavior you must run timing simulation.
at 0 ps, Instance /testbenchall2/uut/Inst_processing_top/R2w_rom/U0/ : Warning: This core is supplied with a behavioral model. To model cycle-accurate behavior you must run timing simulation.
at 0 ps, Instance /testbenchall2/uut/Inst_processing_top/R2h_rom/U0/ : Warning: This core is supplied with a behavioral model. To model cycle-accurate behavior you must run timing simulation.
at 0 ps, Instance /testbenchall2/uut/Inst_processing_top/R2weight_rom/U0/ : Warning: This core is supplied with a behavioral model. To model cycle-accurate behavior you must run timing simulation.
at 0 ps, Instance /testbenchall2/uut/Inst_processing_top/inst_deteksi_roi/ : Warning: NUMERIC_STD.">": metavalue detected, returning FALSE
at 0 ps, Instance /testbenchall2/uut/Inst_processing_top/inst_deteksi_roi/ : Warning: NUMERIC_STD.">": metavalue detected, returning FALSE
at 0 ps, Instance /testbenchall2/uut/Inst_draw/fifo/U0/ : Warning: This core is supplied with a behavioral model. To model cycle-accurate behavior you must run timing simulation.
Finished circuit initialization process.
at 0 ps, Instance /testbenchall2/uut/Inst_processing_top/inst_deteksi_roi/ : Warning: NUMERIC_STD.">": metavalue detected, returning FALSE
at 0 ps, Instance /testbenchall2/uut/Inst_draw/fifo/U0/ : Warning: NUMERIC_STD.TO_INTEGER: metavalue detected, returning 0
at 0 ps, Instance /testbenchall2/uut/image_main_buffer/U0/native_mem_module/mem_module/ : Warning: There is an 'U'|'X'|'W'|'Z'|'-' in an arithmetic operand, the result will be 'X'(es).
at 0 ps, Instance /testbenchall2/uut/image_main_buffer/U0/native_mem_module/mem_module/ : Warning: CONV_INTEGER: There is an 'U'|'X'|'W'|'Z'|'-' in an arithmetic operand, and it has been converted to 0.
at 0 ps, Instance /testbenchall2/uut/ii_buffer/U0/native_mem_module/mem_module/ : Warning: CONV_INTEGER: There is an 'U'|'X'|'W'|'Z'|'-' in an arithmetic operand, and it has been converted to 0.
at 0 ps, Instance /testbenchall2/uut/ii_buffer/U0/native_mem_module/mem_module/ : Warning: CONV_INTEGER: There is an 'U'|'X'|'W'|'Z'|'-' in an arithmetic operand, and it has been converted to 0.
at 0 ps, Instance /testbenchall2/uut/ii_buffer/U0/native_mem_module/mem_module/ : Warning: blk_mem_gen_v7_3 WARNING: collision detected: A write address: UUUUUUUUUUUU, B read address: UUUUUUUUUUUU

at 0 ps, Instance /testbenchall2/uut/iix2_buffer/U0/native_mem_module/mem_module/ : Warning: CONV_INTEGER: There is an 'U'|'X'|'W'|'Z'|'-' in an arithmetic operand, and it has been converted to 0.
at 0 ps, Instance /testbenchall2/uut/iix2_buffer/U0/native_mem_module/mem_module/ : Warning: CONV_INTEGER: There is an 'U'|'X'|'W'|'Z'|'-' in an arithmetic operand, and it has been converted to 0.
at 0 ps, Instance /testbenchall2/uut/iix2_buffer/U0/native_mem_module/mem_module/ : Warning: blk_mem_gen_v7_3 WARNING: collision detected: A write address: UUUUUUUUUUUU, B read address: UUUUUUUUUUUU

at 0 ps, Instance /testbenchall2/uut/Inst_processing_top/inst_deteksi_roi/ : Warning: NUMERIC_STD.">": metavalue detected, returning FALSE
at 0 ps, Instance /testbenchall2/uut/Inst_processing_top/inst_deteksi_roi/ : Warning: NUMERIC_STD.">": metavalue detected, returning FALSE
at 0 ps, Instance /testbenchall2/uut/Inst_processing_top/inst_deteksi_roi/ : Warning: NUMERIC_STD.">": metavalue detected, returning FALSE
at 0 ps, Instance /testbenchall2/uut/Inst_processing_top/inst_deteksi_roi/ : Warning: NUMERIC_STD.">": metavalue detected, returning FALSE
at 10 ns(9), Instance /testbenchall2/uut/ii_buffer/U0/native_mem_module/mem_module/ : Warning: CONV_INTEGER: There is an 'U'|'X'|'W'|'Z'|'-' in an arithmetic operand, and it has been converted to 0.
at 10 ns(9), Instance /testbenchall2/uut/iix2_buffer/U0/native_mem_module/mem_module/ : Warning: CONV_INTEGER: There is an 'U'|'X'|'W'|'Z'|'-' in an arithmetic operand, and it has been converted to 0.
at 10 ns(10), Instance /testbenchall2/uut/ii_buffer/U0/native_mem_module/mem_module/ : Warning: CONV_INTEGER: There is an 'U'|'X'|'W'|'Z'|'-' in an arithmetic operand, and it has been converted to 0.
at 10 ns(10), Instance /testbenchall2/uut/iix2_buffer/U0/native_mem_module/mem_module/ : Warning: CONV_INTEGER: There is an 'U'|'X'|'W'|'Z'|'-' in an arithmetic operand, and it has been converted to 0.
at 30 ns(10), Instance /testbenchall2/uut/ii_buffer/U0/native_mem_module/mem_module/ : Warning: CONV_INTEGER: There is an 'U'|'X'|'W'|'Z'|'-' in an arithmetic operand, and it has been converted to 0.
at 30 ns(10), Instance /testbenchall2/uut/iix2_buffer/U0/native_mem_module/mem_module/ : Warning: CONV_INTEGER: There is an 'U'|'X'|'W'|'Z'|'-' in an arithmetic operand, and it has been converted to 0.
at 50 ns(10), Instance /testbenchall2/uut/ii_buffer/U0/native_mem_module/mem_module/ : Warning: CONV_INTEGER: There is an 'U'|'X'|'W'|'Z'|'-' in an arithmetic operand, and it has been converted to 0.
at 50 ns(10), Instance /testbenchall2/uut/iix2_buffer/U0/native_mem_module/mem_module/ : Warning: CONV_INTEGER: There is an 'U'|'X'|'W'|'Z'|'-' in an arithmetic operand, and it has been converted to 0.
at 70 ns(10), Instance /testbenchall2/uut/ii_buffer/U0/native_mem_module/mem_module/ : Warning: CONV_INTEGER: There is an 'U'|'X'|'W'|'Z'|'-' in an arithmetic operand, and it has been converted to 0.
at 70 ns(10), Instance /testbenchall2/uut/iix2_buffer/U0/native_mem_module/mem_module/ : Warning: CONV_INTEGER: There is an 'U'|'X'|'W'|'Z'|'-' in an arithmetic operand, and it has been converted to 0.
at 90 ns(10), Instance /testbenchall2/uut/ii_buffer/U0/native_mem_module/mem_module/ : Warning: CONV_INTEGER: There is an 'U'|'X'|'W'|'Z'|'-' in an arithmetic operand, and it has been converted to 0.
at 90 ns(10), Instance /testbenchall2/uut/iix2_buffer/U0/native_mem_module/mem_module/ : Warning: CONV_INTEGER: There is an 'U'|'X'|'W'|'Z'|'-' in an arithmetic operand, and it has been converted to 0.
at 150 ns(5), Instance /testbenchall2/uut/ii_buffer/U0/native_mem_module/mem_module/ : Warning: CONV_INTEGER: There is an 'U'|'X'|'W'|'Z'|'-' in an arithmetic operand, and it has been converted to 0.
at 150 ns(5), Instance /testbenchall2/uut/iix2_buffer/U0/native_mem_module/mem_module/ : Warning: CONV_INTEGER: There is an 'U'|'X'|'W'|'Z'|'-' in an arithmetic operand, and it has been converted to 0.
at 170 ns(5), Instance /testbenchall2/uut/ii_buffer/U0/native_mem_module/mem_module/ : Warning: CONV_INTEGER: There is an 'U'|'X'|'W'|'Z'|'-' in an arithmetic operand, and it has been converted to 0.
at 170 ns(5), Instance /testbenchall2/uut/iix2_buffer/U0/native_mem_module/mem_module/ : Warning: CONV_INTEGER: There is an 'U'|'X'|'W'|'Z'|'-' in an arithmetic operand, and it has been converted to 0.
at 190 ns(5), Instance /testbenchall2/uut/ii_buffer/U0/native_mem_module/mem_module/ : Warning: CONV_INTEGER: There is an 'U'|'X'|'W'|'Z'|'-' in an arithmetic operand, and it has been converted to 0.
at 190 ns(5), Instance /testbenchall2/uut/iix2_buffer/U0/native_mem_module/mem_module/ : Warning: CONV_INTEGER: There is an 'U'|'X'|'W'|'Z'|'-' in an arithmetic operand, and it has been converted to 0.
at 210 ns(5), Instance /testbenchall2/uut/ii_buffer/U0/native_mem_module/mem_module/ : Warning: CONV_INTEGER: There is an 'U'|'X'|'W'|'Z'|'-' in an arithmetic operand, and it has been converted to 0.
at 210 ns(5), Instance /testbenchall2/uut/iix2_buffer/U0/native_mem_module/mem_module/ : Warning: CONV_INTEGER: There is an 'U'|'X'|'W'|'Z'|'-' in an arithmetic operand, and it has been converted to 0.
at 230 ns(5), Instance /testbenchall2/uut/ii_buffer/U0/native_mem_module/mem_module/ : Warning: CONV_INTEGER: There is an 'U'|'X'|'W'|'Z'|'-' in an arithmetic operand, and it has been converted to 0.
at 230 ns(5), Instance /testbenchall2/uut/iix2_buffer/U0/native_mem_module/mem_module/ : Warning: CONV_INTEGER: There is an 'U'|'X'|'W'|'Z'|'-' in an arithmetic operand, and it has been converted to 0.
at 250 ns(5), Instance /testbenchall2/uut/ii_buffer/U0/native_mem_module/mem_module/ : Warning: CONV_INTEGER: There is an 'U'|'X'|'W'|'Z'|'-' in an arithmetic operand, and it has been converted to 0.
at 250 ns(5), Instance /testbenchall2/uut/iix2_buffer/U0/native_mem_module/mem_module/ : Warning: CONV_INTEGER: There is an 'U'|'X'|'W'|'Z'|'-' in an arithmetic operand, and it has been converted to 0.
at 320 ns(3): Note: Block Memory Generator CORE Generator module is using a behavioral model FOR simulation which will not precisely model memory collision behavior. (/testbenchall2/uut/ii_buffer/U0/native_mem_module/mem_module/).
at 320 ns(3): Note: Block Memory Generator CORE Generator module is using a behavioral model FOR simulation which will not precisely model memory collision behavior. (/testbenchall2/uut/iix2_buffer/U0/native_mem_module/mem_module/).
# run 3300us
at 40710 ns(5), Instance /testbenchall2/uut/iix2_buffer/U0/native_mem_module/mem_module/ : Warning: blk_mem_gen_v7_3 WARNING: collision detected: A write address: 011111001101, B read address: 011111001101

at 2748800 ns(3), Instance /testbenchall2/uut/Inst_ii_gen_top/ : Warning: NUMERIC_STD.TO_UNSIGNED: vector truncated
at 2748800 ns(3), Instance /testbenchall2/uut/Inst_ii_gen_top/ : Warning: NUMERIC_STD.TO_UNSIGNED: vector truncated
at 2750820 ns(3), Instance /testbenchall2/uut/Inst_ii_gen_top/ : Warning: NUMERIC_STD.TO_UNSIGNED: vector truncated
at 2750820 ns(3), Instance /testbenchall2/uut/Inst_ii_gen_top/ : Warning: NUMERIC_STD.TO_UNSIGNED: vector truncated
at 2752840 ns(3), Instance /testbenchall2/uut/Inst_ii_gen_top/ : Warning: NUMERIC_STD.TO_UNSIGNED: vector truncated
at 2752840 ns(3), Instance /testbenchall2/uut/Inst_ii_gen_top/ : Warning: NUMERIC_STD.TO_UNSIGNED: vector truncated
at 2754860 ns(3), Instance /testbenchall2/uut/Inst_ii_gen_top/ : Warning: NUMERIC_STD.TO_UNSIGNED: vector truncated
at 2754860 ns(3), Instance /testbenchall2/uut/Inst_ii_gen_top/ : Warning: NUMERIC_STD.TO_UNSIGNED: vector truncated
at 2756880 ns(3), Instance /testbenchall2/uut/Inst_ii_gen_top/ : Warning: NUMERIC_STD.TO_UNSIGNED: vector truncated
at 2756880 ns(3), Instance /testbenchall2/uut/Inst_ii_gen_top/ : Warning: NUMERIC_STD.TO_UNSIGNED: vector truncated
at 2758900 ns(3), Instance /testbenchall2/uut/Inst_ii_gen_top/ : Warning: NUMERIC_STD.TO_UNSIGNED: vector truncated
at 2758900 ns(3), Instance /testbenchall2/uut/Inst_ii_gen_top/ : Warning: NUMERIC_STD.TO_UNSIGNED: vector truncated
at 2760920 ns(3), Instance /testbenchall2/uut/Inst_ii_gen_top/ : Warning: NUMERIC_STD.TO_UNSIGNED: vector truncated
at 2760920 ns(3), Instance /testbenchall2/uut/Inst_ii_gen_top/ : Warning: NUMERIC_STD.TO_UNSIGNED: vector truncated
at 2762940 ns(3), Instance /testbenchall2/uut/Inst_ii_gen_top/ : Warning: NUMERIC_STD.TO_UNSIGNED: vector truncated
at 2762940 ns(3), Instance /testbenchall2/uut/Inst_ii_gen_top/ : Warning: NUMERIC_STD.TO_UNSIGNED: vector truncated
at 2764960 ns(3), Instance /testbenchall2/uut/Inst_ii_gen_top/ : Warning: NUMERIC_STD.TO_UNSIGNED: vector truncated
at 2764960 ns(3), Instance /testbenchall2/uut/Inst_ii_gen_top/ : Warning: NUMERIC_STD.TO_UNSIGNED: vector truncated
at 2766980 ns(3), Instance /testbenchall2/uut/Inst_ii_gen_top/ : Warning: NUMERIC_STD.TO_UNSIGNED: vector truncated
at 2766980 ns(3), Instance /testbenchall2/uut/Inst_ii_gen_top/ : Warning: NUMERIC_STD.TO_UNSIGNED: vector truncated
at 2769 us(3), Instance /testbenchall2/uut/Inst_ii_gen_top/ : Warning: NUMERIC_STD.TO_UNSIGNED: vector truncated
at 2769 us(3), Instance /testbenchall2/uut/Inst_ii_gen_top/ : Warning: NUMERIC_STD.TO_UNSIGNED: vector truncated
at 2771020 ns(3), Instance /testbenchall2/uut/Inst_ii_gen_top/ : Warning: NUMERIC_STD.TO_UNSIGNED: vector truncated
at 2771020 ns(3), Instance /testbenchall2/uut/Inst_ii_gen_top/ : Warning: NUMERIC_STD.TO_UNSIGNED: vector truncated
at 2773040 ns(3), Instance /testbenchall2/uut/Inst_ii_gen_top/ : Warning: NUMERIC_STD.TO_UNSIGNED: vector truncated
at 2773040 ns(3), Instance /testbenchall2/uut/Inst_ii_gen_top/ : Warning: NUMERIC_STD.TO_UNSIGNED: vector truncated
at 2775060 ns(3), Instance /testbenchall2/uut/Inst_ii_gen_top/ : Warning: NUMERIC_STD.TO_UNSIGNED: vector truncated
at 2775060 ns(3), Instance /testbenchall2/uut/Inst_ii_gen_top/ : Warning: NUMERIC_STD.TO_UNSIGNED: vector truncated
at 2777080 ns(3), Instance /testbenchall2/uut/Inst_ii_gen_top/ : Warning: NUMERIC_STD.TO_UNSIGNED: vector truncated
at 2777080 ns(3), Instance /testbenchall2/uut/Inst_ii_gen_top/ : Warning: NUMERIC_STD.TO_UNSIGNED: vector truncated
at 2779100 ns(3), Instance /testbenchall2/uut/Inst_ii_gen_top/ : Warning: NUMERIC_STD.TO_UNSIGNED: vector truncated
at 2779100 ns(3), Instance /testbenchall2/uut/Inst_ii_gen_top/ : Warning: NUMERIC_STD.TO_UNSIGNED: vector truncated
at 2781120 ns(3), Instance /testbenchall2/uut/Inst_ii_gen_top/ : Warning: NUMERIC_STD.TO_UNSIGNED: vector truncated
at 2781120 ns(3), Instance /testbenchall2/uut/Inst_ii_gen_top/ : Warning: NUMERIC_STD.TO_UNSIGNED: vector truncated
at 2783140 ns(3), Instance /testbenchall2/uut/Inst_ii_gen_top/ : Warning: NUMERIC_STD.TO_UNSIGNED: vector truncated
at 2783140 ns(3), Instance /testbenchall2/uut/Inst_ii_gen_top/ : Warning: NUMERIC_STD.TO_UNSIGNED: vector truncated
at 2785160 ns(3), Instance /testbenchall2/uut/Inst_ii_gen_top/ : Warning: NUMERIC_STD.TO_UNSIGNED: vector truncated
at 2785160 ns(3), Instance /testbenchall2/uut/Inst_ii_gen_top/ : Warning: NUMERIC_STD.TO_UNSIGNED: vector truncated
at 2787180 ns(3), Instance /testbenchall2/uut/Inst_ii_gen_top/ : Warning: NUMERIC_STD.TO_UNSIGNED: vector truncated
at 2787180 ns(3), Instance /testbenchall2/uut/Inst_ii_gen_top/ : Warning: NUMERIC_STD.TO_UNSIGNED: vector truncated
at 2788210 ns(5), Instance /testbenchall2/uut/iix2_buffer/U0/native_mem_module/mem_module/ : Warning: blk_mem_gen_v7_3 WARNING: collision detected: A write address: 011111001101, B read address: 011111001101

at 2790290 ns(4), Instance /testbenchall2/uut/Inst_ii_gen_top/ : Warning: NUMERIC_STD.TO_UNSIGNED: vector truncated
at 2790290 ns(4), Instance /testbenchall2/uut/Inst_ii_gen_top/ : Warning: NUMERIC_STD.TO_UNSIGNED: vector truncated
at 2792310 ns(4), Instance /testbenchall2/uut/Inst_ii_gen_top/ : Warning: NUMERIC_STD.TO_UNSIGNED: vector truncated
at 2792310 ns(4), Instance /testbenchall2/uut/Inst_ii_gen_top/ : Warning: NUMERIC_STD.TO_UNSIGNED: vector truncated
at 2794330 ns(4), Instance /testbenchall2/uut/Inst_ii_gen_top/ : Warning: NUMERIC_STD.TO_UNSIGNED: vector truncated
at 2794330 ns(4), Instance /testbenchall2/uut/Inst_ii_gen_top/ : Warning: NUMERIC_STD.TO_UNSIGNED: vector truncated
at 2796350 ns(4), Instance /testbenchall2/uut/Inst_ii_gen_top/ : Warning: NUMERIC_STD.TO_UNSIGNED: vector truncated
at 2796350 ns(4), Instance /testbenchall2/uut/Inst_ii_gen_top/ : Warning: NUMERIC_STD.TO_UNSIGNED: vector truncated
at 2798370 ns(4), Instance /testbenchall2/uut/Inst_ii_gen_top/ : Warning: NUMERIC_STD.TO_UNSIGNED: vector truncated
at 2798370 ns(4), Instance /testbenchall2/uut/Inst_ii_gen_top/ : Warning: NUMERIC_STD.TO_UNSIGNED: vector truncated
at 2800390 ns(4), Instance /testbenchall2/uut/Inst_ii_gen_top/ : Warning: NUMERIC_STD.TO_UNSIGNED: vector truncated
at 2800390 ns(4), Instance /testbenchall2/uut/Inst_ii_gen_top/ : Warning: NUMERIC_STD.TO_UNSIGNED: vector truncated
at 2802410 ns(4), Instance /testbenchall2/uut/Inst_ii_gen_top/ : Warning: NUMERIC_STD.TO_UNSIGNED: vector truncated
at 2802410 ns(4), Instance /testbenchall2/uut/Inst_ii_gen_top/ : Warning: NUMERIC_STD.TO_UNSIGNED: vector truncated
at 2804430 ns(4), Instance /testbenchall2/uut/Inst_ii_gen_top/ : Warning: NUMERIC_STD.TO_UNSIGNED: vector truncated
at 2804430 ns(4), Instance /testbenchall2/uut/Inst_ii_gen_top/ : Warning: NUMERIC_STD.TO_UNSIGNED: vector truncated
at 2806450 ns(4), Instance /testbenchall2/uut/Inst_ii_gen_top/ : Warning: NUMERIC_STD.TO_UNSIGNED: vector truncated
at 2806450 ns(4), Instance /testbenchall2/uut/Inst_ii_gen_top/ : Warning: NUMERIC_STD.TO_UNSIGNED: vector truncated
at 2808470 ns(4), Instance /testbenchall2/uut/Inst_ii_gen_top/ : Warning: NUMERIC_STD.TO_UNSIGNED: vector truncated
at 2808470 ns(4), Instance /testbenchall2/uut/Inst_ii_gen_top/ : Warning: NUMERIC_STD.TO_UNSIGNED: vector truncated
at 2810490 ns(4), Instance /testbenchall2/uut/Inst_ii_gen_top/ : Warning: NUMERIC_STD.TO_UNSIGNED: vector truncated
at 2810490 ns(4), Instance /testbenchall2/uut/Inst_ii_gen_top/ : Warning: NUMERIC_STD.TO_UNSIGNED: vector truncated
at 2812510 ns(4), Instance /testbenchall2/uut/Inst_ii_gen_top/ : Warning: NUMERIC_STD.TO_UNSIGNED: vector truncated
at 2812510 ns(4), Instance /testbenchall2/uut/Inst_ii_gen_top/ : Warning: NUMERIC_STD.TO_UNSIGNED: vector truncated
at 2814530 ns(4), Instance /testbenchall2/uut/Inst_ii_gen_top/ : Warning: NUMERIC_STD.TO_UNSIGNED: vector truncated
at 2814530 ns(4), Instance /testbenchall2/uut/Inst_ii_gen_top/ : Warning: NUMERIC_STD.TO_UNSIGNED: vector truncated
at 2816550 ns(4), Instance /testbenchall2/uut/Inst_ii_gen_top/ : Warning: NUMERIC_STD.TO_UNSIGNED: vector truncated
at 2816550 ns(4), Instance /testbenchall2/uut/Inst_ii_gen_top/ : Warning: NUMERIC_STD.TO_UNSIGNED: vector truncated
at 2818570 ns(4), Instance /testbenchall2/uut/Inst_ii_gen_top/ : Warning: NUMERIC_STD.TO_UNSIGNED: vector truncated
at 2818570 ns(4), Instance /testbenchall2/uut/Inst_ii_gen_top/ : Warning: NUMERIC_STD.TO_UNSIGNED: vector truncated
at 2820590 ns(4), Instance /testbenchall2/uut/Inst_ii_gen_top/ : Warning: NUMERIC_STD.TO_UNSIGNED: vector truncated
at 2820590 ns(4), Instance /testbenchall2/uut/Inst_ii_gen_top/ : Warning: NUMERIC_STD.TO_UNSIGNED: vector truncated
at 2822610 ns(4), Instance /testbenchall2/uut/Inst_ii_gen_top/ : Warning: NUMERIC_STD.TO_UNSIGNED: vector truncated
at 2822610 ns(4), Instance /testbenchall2/uut/Inst_ii_gen_top/ : Warning: NUMERIC_STD.TO_UNSIGNED: vector truncated
at 2824630 ns(4), Instance /testbenchall2/uut/Inst_ii_gen_top/ : Warning: NUMERIC_STD.TO_UNSIGNED: vector truncated
at 2824630 ns(4), Instance /testbenchall2/uut/Inst_ii_gen_top/ : Warning: NUMERIC_STD.TO_UNSIGNED: vector truncated
at 2826650 ns(4), Instance /testbenchall2/uut/Inst_ii_gen_top/ : Warning: NUMERIC_STD.TO_UNSIGNED: vector truncated
at 2826650 ns(4), Instance /testbenchall2/uut/Inst_ii_gen_top/ : Warning: NUMERIC_STD.TO_UNSIGNED: vector truncated
at 2853940 ns(3), Instance /testbenchall2/uut/Inst_ii_gen_top/ : Warning: NUMERIC_STD.TO_UNSIGNED: vector truncated
at 2853940 ns(3), Instance /testbenchall2/uut/Inst_ii_gen_top/ : Warning: NUMERIC_STD.TO_UNSIGNED: vector truncated
at 2855960 ns(3), Instance /testbenchall2/uut/Inst_ii_gen_top/ : Warning: NUMERIC_STD.TO_UNSIGNED: vector truncated
at 2855960 ns(3), Instance /testbenchall2/uut/Inst_ii_gen_top/ : Warning: NUMERIC_STD.TO_UNSIGNED: vector truncated
at 2857980 ns(3), Instance /testbenchall2/uut/Inst_ii_gen_top/ : Warning: NUMERIC_STD.TO_UNSIGNED: vector truncated
at 2857980 ns(3), Instance /testbenchall2/uut/Inst_ii_gen_top/ : Warning: NUMERIC_STD.TO_UNSIGNED: vector truncated
at 2860 us(3), Instance /testbenchall2/uut/Inst_ii_gen_top/ : Warning: NUMERIC_STD.TO_UNSIGNED: vector truncated
at 2860 us(3), Instance /testbenchall2/uut/Inst_ii_gen_top/ : Warning: NUMERIC_STD.TO_UNSIGNED: vector truncated
at 2862020 ns(3), Instance /testbenchall2/uut/Inst_ii_gen_top/ : Warning: NUMERIC_STD.TO_UNSIGNED: vector truncated
at 2862020 ns(3), Instance /testbenchall2/uut/Inst_ii_gen_top/ : Warning: NUMERIC_STD.TO_UNSIGNED: vector truncated
at 2864040 ns(3), Instance /testbenchall2/uut/Inst_ii_gen_top/ : Warning: NUMERIC_STD.TO_UNSIGNED: vector truncated
at 2864040 ns(3), Instance /testbenchall2/uut/Inst_ii_gen_top/ : Warning: NUMERIC_STD.TO_UNSIGNED: vector truncated
at 2866060 ns(3), Instance /testbenchall2/uut/Inst_ii_gen_top/ : Warning: NUMERIC_STD.TO_UNSIGNED: vector truncated
at 2866060 ns(3), Instance /testbenchall2/uut/Inst_ii_gen_top/ : Warning: NUMERIC_STD.TO_UNSIGNED: vector truncated
at 2868080 ns(3), Instance /testbenchall2/uut/Inst_ii_gen_top/ : Warning: NUMERIC_STD.TO_UNSIGNED: vector truncated
at 2868080 ns(3), Instance /testbenchall2/uut/Inst_ii_gen_top/ : Warning: NUMERIC_STD.TO_UNSIGNED: vector truncated
at 2870100 ns(3), Instance /testbenchall2/uut/Inst_ii_gen_top/ : Warning: NUMERIC_STD.TO_UNSIGNED: vector truncated
at 2870100 ns(3), Instance /testbenchall2/uut/Inst_ii_gen_top/ : Warning: NUMERIC_STD.TO_UNSIGNED: vector truncated
at 2872120 ns(3), Instance /testbenchall2/uut/Inst_ii_gen_top/ : Warning: NUMERIC_STD.TO_UNSIGNED: vector truncated
at 2872120 ns(3), Instance /testbenchall2/uut/Inst_ii_gen_top/ : Warning: NUMERIC_STD.TO_UNSIGNED: vector truncated
at 2874140 ns(3), Instance /testbenchall2/uut/Inst_ii_gen_top/ : Warning: NUMERIC_STD.TO_UNSIGNED: vector truncated
at 2874140 ns(3), Instance /testbenchall2/uut/Inst_ii_gen_top/ : Warning: NUMERIC_STD.TO_UNSIGNED: vector truncated
at 2876160 ns(3), Instance /testbenchall2/uut/Inst_ii_gen_top/ : Warning: NUMERIC_STD.TO_UNSIGNED: vector truncated
at 2876160 ns(3), Instance /testbenchall2/uut/Inst_ii_gen_top/ : Warning: NUMERIC_STD.TO_UNSIGNED: vector truncated
at 2878180 ns(3), Instance /testbenchall2/uut/Inst_ii_gen_top/ : Warning: NUMERIC_STD.TO_UNSIGNED: vector truncated
at 2878180 ns(3), Instance /testbenchall2/uut/Inst_ii_gen_top/ : Warning: NUMERIC_STD.TO_UNSIGNED: vector truncated
at 2880200 ns(3), Instance /testbenchall2/uut/Inst_ii_gen_top/ : Warning: NUMERIC_STD.TO_UNSIGNED: vector truncated
at 2880200 ns(3), Instance /testbenchall2/uut/Inst_ii_gen_top/ : Warning: NUMERIC_STD.TO_UNSIGNED: vector truncated
at 2882220 ns(3), Instance /testbenchall2/uut/Inst_ii_gen_top/ : Warning: NUMERIC_STD.TO_UNSIGNED: vector truncated
at 2882220 ns(3), Instance /testbenchall2/uut/Inst_ii_gen_top/ : Warning: NUMERIC_STD.TO_UNSIGNED: vector truncated
at 2884240 ns(3), Instance /testbenchall2/uut/Inst_ii_gen_top/ : Warning: NUMERIC_STD.TO_UNSIGNED: vector truncated
at 2884240 ns(3), Instance /testbenchall2/uut/Inst_ii_gen_top/ : Warning: NUMERIC_STD.TO_UNSIGNED: vector truncated
at 2886260 ns(3), Instance /testbenchall2/uut/Inst_ii_gen_top/ : Warning: NUMERIC_STD.TO_UNSIGNED: vector truncated
at 2886260 ns(3), Instance /testbenchall2/uut/Inst_ii_gen_top/ : Warning: NUMERIC_STD.TO_UNSIGNED: vector truncated
at 2888280 ns(3), Instance /testbenchall2/uut/Inst_ii_gen_top/ : Warning: NUMERIC_STD.TO_UNSIGNED: vector truncated
at 2888280 ns(3), Instance /testbenchall2/uut/Inst_ii_gen_top/ : Warning: NUMERIC_STD.TO_UNSIGNED: vector truncated
at 2890300 ns(3), Instance /testbenchall2/uut/Inst_ii_gen_top/ : Warning: NUMERIC_STD.TO_UNSIGNED: vector truncated
at 2890300 ns(3), Instance /testbenchall2/uut/Inst_ii_gen_top/ : Warning: NUMERIC_STD.TO_UNSIGNED: vector truncated
at 2892320 ns(3), Instance /testbenchall2/uut/Inst_ii_gen_top/ : Warning: NUMERIC_STD.TO_UNSIGNED: vector truncated
at 2892320 ns(3), Instance /testbenchall2/uut/Inst_ii_gen_top/ : Warning: NUMERIC_STD.TO_UNSIGNED: vector truncated
at 2919610 ns(4), Instance /testbenchall2/uut/Inst_ii_gen_top/ : Warning: NUMERIC_STD.TO_UNSIGNED: vector truncated
at 2919610 ns(4), Instance /testbenchall2/uut/Inst_ii_gen_top/ : Warning: NUMERIC_STD.TO_UNSIGNED: vector truncated
at 2921630 ns(4), Instance /testbenchall2/uut/Inst_ii_gen_top/ : Warning: NUMERIC_STD.TO_UNSIGNED: vector truncated
at 2921630 ns(4), Instance /testbenchall2/uut/Inst_ii_gen_top/ : Warning: NUMERIC_STD.TO_UNSIGNED: vector truncated
at 2923650 ns(4), Instance /testbenchall2/uut/Inst_ii_gen_top/ : Warning: NUMERIC_STD.TO_UNSIGNED: vector truncated
at 2923650 ns(4), Instance /testbenchall2/uut/Inst_ii_gen_top/ : Warning: NUMERIC_STD.TO_UNSIGNED: vector truncated
at 2925670 ns(4), Instance /testbenchall2/uut/Inst_ii_gen_top/ : Warning: NUMERIC_STD.TO_UNSIGNED: vector truncated
at 2925670 ns(4), Instance /testbenchall2/uut/Inst_ii_gen_top/ : Warning: NUMERIC_STD.TO_UNSIGNED: vector truncated
at 2927690 ns(4), Instance /testbenchall2/uut/Inst_ii_gen_top/ : Warning: NUMERIC_STD.TO_UNSIGNED: vector truncated
at 2927690 ns(4), Instance /testbenchall2/uut/Inst_ii_gen_top/ : Warning: NUMERIC_STD.TO_UNSIGNED: vector truncated
at 2929710 ns(4), Instance /testbenchall2/uut/Inst_ii_gen_top/ : Warning: NUMERIC_STD.TO_UNSIGNED: vector truncated
at 2929710 ns(4), Instance /testbenchall2/uut/Inst_ii_gen_top/ : Warning: NUMERIC_STD.TO_UNSIGNED: vector truncated
at 2931730 ns(4), Instance /testbenchall2/uut/Inst_ii_gen_top/ : Warning: NUMERIC_STD.TO_UNSIGNED: vector truncated
at 2931730 ns(4), Instance /testbenchall2/uut/Inst_ii_gen_top/ : Warning: NUMERIC_STD.TO_UNSIGNED: vector truncated
at 2933750 ns(4), Instance /testbenchall2/uut/Inst_ii_gen_top/ : Warning: NUMERIC_STD.TO_UNSIGNED: vector truncated
at 2933750 ns(4), Instance /testbenchall2/uut/Inst_ii_gen_top/ : Warning: NUMERIC_STD.TO_UNSIGNED: vector truncated
at 2935770 ns(4), Instance /testbenchall2/uut/Inst_ii_gen_top/ : Warning: NUMERIC_STD.TO_UNSIGNED: vector truncated
at 2935770 ns(4), Instance /testbenchall2/uut/Inst_ii_gen_top/ : Warning: NUMERIC_STD.TO_UNSIGNED: vector truncated
at 2937790 ns(4), Instance /testbenchall2/uut/Inst_ii_gen_top/ : Warning: NUMERIC_STD.TO_UNSIGNED: vector truncated
at 2937790 ns(4), Instance /testbenchall2/uut/Inst_ii_gen_top/ : Warning: NUMERIC_STD.TO_UNSIGNED: vector truncated
at 2939810 ns(4), Instance /testbenchall2/uut/Inst_ii_gen_top/ : Warning: NUMERIC_STD.TO_UNSIGNED: vector truncated
at 2939810 ns(4), Instance /testbenchall2/uut/Inst_ii_gen_top/ : Warning: NUMERIC_STD.TO_UNSIGNED: vector truncated
at 2941830 ns(4), Instance /testbenchall2/uut/Inst_ii_gen_top/ : Warning: NUMERIC_STD.TO_UNSIGNED: vector truncated
at 2941830 ns(4), Instance /testbenchall2/uut/Inst_ii_gen_top/ : Warning: NUMERIC_STD.TO_UNSIGNED: vector truncated
at 2943850 ns(4), Instance /testbenchall2/uut/Inst_ii_gen_top/ : Warning: NUMERIC_STD.TO_UNSIGNED: vector truncated
at 2943850 ns(4), Instance /testbenchall2/uut/Inst_ii_gen_top/ : Warning: NUMERIC_STD.TO_UNSIGNED: vector truncated
at 2945870 ns(4), Instance /testbenchall2/uut/Inst_ii_gen_top/ : Warning: NUMERIC_STD.TO_UNSIGNED: vector truncated
at 2945870 ns(4), Instance /testbenchall2/uut/Inst_ii_gen_top/ : Warning: NUMERIC_STD.TO_UNSIGNED: vector truncated
at 2947890 ns(4), Instance /testbenchall2/uut/Inst_ii_gen_top/ : Warning: NUMERIC_STD.TO_UNSIGNED: vector truncated
at 2947890 ns(4), Instance /testbenchall2/uut/Inst_ii_gen_top/ : Warning: NUMERIC_STD.TO_UNSIGNED: vector truncated
at 2949910 ns(4), Instance /testbenchall2/uut/Inst_ii_gen_top/ : Warning: NUMERIC_STD.TO_UNSIGNED: vector truncated
at 2949910 ns(4), Instance /testbenchall2/uut/Inst_ii_gen_top/ : Warning: NUMERIC_STD.TO_UNSIGNED: vector truncated
at 2951930 ns(4), Instance /testbenchall2/uut/Inst_ii_gen_top/ : Warning: NUMERIC_STD.TO_UNSIGNED: vector truncated
at 2951930 ns(4), Instance /testbenchall2/uut/Inst_ii_gen_top/ : Warning: NUMERIC_STD.TO_UNSIGNED: vector truncated
at 2953950 ns(4), Instance /testbenchall2/uut/Inst_ii_gen_top/ : Warning: NUMERIC_STD.TO_UNSIGNED: vector truncated
at 2953950 ns(4), Instance /testbenchall2/uut/Inst_ii_gen_top/ : Warning: NUMERIC_STD.TO_UNSIGNED: vector truncated
at 2955970 ns(4), Instance /testbenchall2/uut/Inst_ii_gen_top/ : Warning: NUMERIC_STD.TO_UNSIGNED: vector truncated
at 2955970 ns(4), Instance /testbenchall2/uut/Inst_ii_gen_top/ : Warning: NUMERIC_STD.TO_UNSIGNED: vector truncated
at 3019860 ns(3), Instance /testbenchall2/uut/Inst_ii_gen_top/ : Warning: NUMERIC_STD.TO_UNSIGNED: vector truncated
at 3019860 ns(3), Instance /testbenchall2/uut/Inst_ii_gen_top/ : Warning: NUMERIC_STD.TO_UNSIGNED: vector truncated
at 3021880 ns(3), Instance /testbenchall2/uut/Inst_ii_gen_top/ : Warning: NUMERIC_STD.TO_UNSIGNED: vector truncated
at 3021880 ns(3), Instance /testbenchall2/uut/Inst_ii_gen_top/ : Warning: NUMERIC_STD.TO_UNSIGNED: vector truncated
at 3023900 ns(3), Instance /testbenchall2/uut/Inst_ii_gen_top/ : Warning: NUMERIC_STD.TO_UNSIGNED: vector truncated
at 3023900 ns(3), Instance /testbenchall2/uut/Inst_ii_gen_top/ : Warning: NUMERIC_STD.TO_UNSIGNED: vector truncated
at 3025920 ns(3), Instance /testbenchall2/uut/Inst_ii_gen_top/ : Warning: NUMERIC_STD.TO_UNSIGNED: vector truncated
at 3025920 ns(3), Instance /testbenchall2/uut/Inst_ii_gen_top/ : Warning: NUMERIC_STD.TO_UNSIGNED: vector truncated
at 3027940 ns(3), Instance /testbenchall2/uut/Inst_ii_gen_top/ : Warning: NUMERIC_STD.TO_UNSIGNED: vector truncated
at 3027940 ns(3), Instance /testbenchall2/uut/Inst_ii_gen_top/ : Warning: NUMERIC_STD.TO_UNSIGNED: vector truncated
at 3029960 ns(3), Instance /testbenchall2/uut/Inst_ii_gen_top/ : Warning: NUMERIC_STD.TO_UNSIGNED: vector truncated
at 3029960 ns(3), Instance /testbenchall2/uut/Inst_ii_gen_top/ : Warning: NUMERIC_STD.TO_UNSIGNED: vector truncated
at 3031980 ns(3), Instance /testbenchall2/uut/Inst_ii_gen_top/ : Warning: NUMERIC_STD.TO_UNSIGNED: vector truncated
at 3031980 ns(3), Instance /testbenchall2/uut/Inst_ii_gen_top/ : Warning: NUMERIC_STD.TO_UNSIGNED: vector truncated
at 3034 us(3), Instance /testbenchall2/uut/Inst_ii_gen_top/ : Warning: NUMERIC_STD.TO_UNSIGNED: vector truncated
at 3034 us(3), Instance /testbenchall2/uut/Inst_ii_gen_top/ : Warning: NUMERIC_STD.TO_UNSIGNED: vector truncated
at 3036020 ns(3), Instance /testbenchall2/uut/Inst_ii_gen_top/ : Warning: NUMERIC_STD.TO_UNSIGNED: vector truncated
at 3036020 ns(3), Instance /testbenchall2/uut/Inst_ii_gen_top/ : Warning: NUMERIC_STD.TO_UNSIGNED: vector truncated
at 3038040 ns(3), Instance /testbenchall2/uut/Inst_ii_gen_top/ : Warning: NUMERIC_STD.TO_UNSIGNED: vector truncated
at 3038040 ns(3), Instance /testbenchall2/uut/Inst_ii_gen_top/ : Warning: NUMERIC_STD.TO_UNSIGNED: vector truncated
at 3040060 ns(3), Instance /testbenchall2/uut/Inst_ii_gen_top/ : Warning: NUMERIC_STD.TO_UNSIGNED: vector truncated
at 3040060 ns(3), Instance /testbenchall2/uut/Inst_ii_gen_top/ : Warning: NUMERIC_STD.TO_UNSIGNED: vector truncated
at 3042080 ns(3), Instance /testbenchall2/uut/Inst_ii_gen_top/ : Warning: NUMERIC_STD.TO_UNSIGNED: vector truncated
at 3042080 ns(3), Instance /testbenchall2/uut/Inst_ii_gen_top/ : Warning: NUMERIC_STD.TO_UNSIGNED: vector truncated
at 3044100 ns(3), Instance /testbenchall2/uut/Inst_ii_gen_top/ : Warning: NUMERIC_STD.TO_UNSIGNED: vector truncated
at 3044100 ns(3), Instance /testbenchall2/uut/Inst_ii_gen_top/ : Warning: NUMERIC_STD.TO_UNSIGNED: vector truncated
at 3046120 ns(3), Instance /testbenchall2/uut/Inst_ii_gen_top/ : Warning: NUMERIC_STD.TO_UNSIGNED: vector truncated
at 3046120 ns(3), Instance /testbenchall2/uut/Inst_ii_gen_top/ : Warning: NUMERIC_STD.TO_UNSIGNED: vector truncated
at 3048140 ns(3), Instance /testbenchall2/uut/Inst_ii_gen_top/ : Warning: NUMERIC_STD.TO_UNSIGNED: vector truncated
at 3048140 ns(3), Instance /testbenchall2/uut/Inst_ii_gen_top/ : Warning: NUMERIC_STD.TO_UNSIGNED: vector truncated
at 3050160 ns(3), Instance /testbenchall2/uut/Inst_ii_gen_top/ : Warning: NUMERIC_STD.TO_UNSIGNED: vector truncated
at 3050160 ns(3), Instance /testbenchall2/uut/Inst_ii_gen_top/ : Warning: NUMERIC_STD.TO_UNSIGNED: vector truncated
at 3052180 ns(3), Instance /testbenchall2/uut/Inst_ii_gen_top/ : Warning: NUMERIC_STD.TO_UNSIGNED: vector truncated
at 3052180 ns(3), Instance /testbenchall2/uut/Inst_ii_gen_top/ : Warning: NUMERIC_STD.TO_UNSIGNED: vector truncated
at 3054200 ns(3), Instance /testbenchall2/uut/Inst_ii_gen_top/ : Warning: NUMERIC_STD.TO_UNSIGNED: vector truncated
at 3054200 ns(3), Instance /testbenchall2/uut/Inst_ii_gen_top/ : Warning: NUMERIC_STD.TO_UNSIGNED: vector truncated
at 3056220 ns(3), Instance /testbenchall2/uut/Inst_ii_gen_top/ : Warning: NUMERIC_STD.TO_UNSIGNED: vector truncated
at 3056220 ns(3), Instance /testbenchall2/uut/Inst_ii_gen_top/ : Warning: NUMERIC_STD.TO_UNSIGNED: vector truncated
at 3058240 ns(3), Instance /testbenchall2/uut/Inst_ii_gen_top/ : Warning: NUMERIC_STD.TO_UNSIGNED: vector truncated
at 3058240 ns(3), Instance /testbenchall2/uut/Inst_ii_gen_top/ : Warning: NUMERIC_STD.TO_UNSIGNED: vector truncated
at 3101850 ns(7), Instance /testbenchall2/uut/image_main_buffer/U0/native_mem_module/mem_module/ : Warning: CONV_INTEGER: There is an 'U'|'X'|'W'|'Z'|'-' in an arithmetic operand, and it has been converted to 0.
at 3101870 ns(7), Instance /testbenchall2/uut/image_main_buffer/U0/native_mem_module/mem_module/ : Warning: CONV_INTEGER: There is an 'U'|'X'|'W'|'Z'|'-' in an arithmetic operand, and it has been converted to 0.
at 3101890 ns(7): Note: Block Memory Generator CORE Generator module is using a behavioral model FOR simulation which will not precisely model memory collision behavior. (/testbenchall2/uut/image_main_buffer/U0/native_mem_module/mem_module/).
